# JRE version: Java(TM) SE Runtime Environment (8.0_144-b01) (build 1.8.0_144-b01)
# Java VM: Java HotSpot(TM) 64-Bit Server VM (25.144-b01 mixed mode windows-amd64 compressed oops)
Heap:
 PSYoungGen      total 166912K, used 15662K [0x000000076b400000, 0x0000000778980000, 0x00000007c0000000)
  eden space 156160K, 9% used [0x000000076b400000,0x000000076c32b8a8,0x0000000774c80000)
  from space 10752K, 1% used [0x0000000774c80000,0x0000000774ca0000,0x0000000775700000)
  to   space 2048K, 0% used [0x0000000778780000,0x0000000778780000,0x0000000778980000)
 ParOldGen       total 292352K, used 52864K [0x00000006c1c00000, 0x00000006d3980000, 0x000000076b400000)
  object space 292352K, 18% used [0x00000006c1c00000,0x00000006c4fa0330,0x00000006d3980000)
 Metaspace       used 7540K, capacity 7677K, committed 7808K, reserved 1056768K
  class space    used 761K, capacity 826K, committed 896K, reserved 1048576K
GC Heap History (10 events):
Event: 0.594 GC heap before
{Heap before GC invocations=2 (full 1):
 PSYoungGen      total 76288K, used 1712K [0x000000076b400000, 0x0000000774900000, 0x00000007c0000000)
  eden space 65536K, 0% used [0x000000076b400000,0x000000076b400000,0x000000076f400000)
  from space 10752K, 15% used [0x000000076f400000,0x000000076f5ac1d8,0x000000076fe80000)
  to   space 10752K, 0% used [0x0000000773e80000,0x0000000773e80000,0x0000000774900000)
 ParOldGen       total 175104K, used 153816K [0x00000006c1c00000, 0x00000006cc700000, 0x000000076b400000)
  object space 175104K, 87% used [0x00000006c1c00000,0x00000006cb236290,0x00000006cc700000)
 Metaspace       used 7009K, capacity 7215K, committed 7424K, reserved 1056768K
  class space    used 702K, capacity 759K, committed 768K, reserved 1048576K
Event: 0.608 GC heap after
Heap after GC invocations=2 (full 1):
 PSYoungGen      total 76288K, used 0K [0x000000076b400000, 0x0000000774900000, 0x00000007c0000000)
  eden space 65536K, 0% used [0x000000076b400000,0x000000076b400000,0x000000076f400000)
  from space 10752K, 0% used [0x000000076f400000,0x000000076f400000,0x000000076fe80000)
  to   space 10752K, 0% used [0x0000000773e80000,0x0000000773e80000,0x0000000774900000)
 ParOldGen       total 292352K, used 52856K [0x00000006c1c00000, 0x00000006d3980000, 0x000000076b400000)
  object space 292352K, 18% used [0x00000006c1c00000,0x00000006c4f9e330,0x00000006d3980000)
 Metaspace       used 7009K, capacity 7215K, committed 7424K, reserved 1056768K
  class space    used 702K, capacity 759K, committed 768K, reserved 1048576K
}
Event: 1.079 GC heap before
{Heap before GC invocations=3 (full 1):
 PSYoungGen      total 76288K, used 65536K [0x000000076b400000, 0x0000000774900000, 0x00000007c0000000)
  eden space 65536K, 100% used [0x000000076b400000,0x000000076f400000,0x000000076f400000)
  from space 10752K, 0% used [0x000000076f400000,0x000000076f400000,0x000000076fe80000)
  to   space 10752K, 0% used [0x0000000773e80000,0x0000000773e80000,0x0000000774900000)
 ParOldGen       total 292352K, used 52856K [0x00000006c1c00000, 0x00000006d3980000, 0x000000076b400000)
  object space 292352K, 18% used [0x00000006c1c00000,0x00000006c4f9e330,0x00000006d3980000)
 Metaspace       used 7049K, capacity 7215K, committed 7424K, reserved 1056768K
  class space    used 702K, capacity 759K, committed 768K, reserved 1048576K
Event: 1.085 GC heap after
Heap after GC invocations=3 (full 1):
 PSYoungGen      total 104448K, used 64K [0x000000076b400000, 0x0000000773f00000, 0x00000007c0000000)
  eden space 103936K, 0% used [0x000000076b400000,0x000000076b400000,0x0000000771980000)
  from space 512K, 12% used [0x0000000773e80000,0x0000000773e90000,0x0000000773f00000)
  to   space 10752K, 0% used [0x0000000772a00000,0x0000000772a00000,0x0000000773480000)
 ParOldGen       total 292352K, used 52864K [0x00000006c1c00000, 0x00000006d3980000, 0x000000076b400000)
  object space 292352K, 18% used [0x00000006c1c00000,0x00000006c4fa0330,0x00000006d3980000)
 Metaspace       used 7049K, capacity 7215K, committed 7424K, reserved 1056768K
  class space    used 702K, capacity 759K, committed 768K, reserved 1048576K
}
Event: 1.436 GC heap before
{Heap before GC invocations=4 (full 1):
 PSYoungGen      total 104448K, used 104000K [0x000000076b400000, 0x0000000773f00000, 0x00000007c0000000)
  eden space 103936K, 100% used [0x000000076b400000,0x0000000771980000,0x0000000771980000)
  from space 512K, 12% used [0x0000000773e80000,0x0000000773e90000,0x0000000773f00000)
  to   space 10752K, 0% used [0x0000000772a00000,0x0000000772a00000,0x0000000773480000)
 ParOldGen       total 292352K, used 52864K [0x00000006c1c00000, 0x00000006d3980000, 0x000000076b400000)
  object space 292352K, 18% used [0x00000006c1c00000,0x00000006c4fa0330,0x00000006d3980000)
 Metaspace       used 7049K, capacity 7215K, committed 7424K, reserved 1056768K
  class space    used 702K, capacity 759K, committed 768K, reserved 1048576K
Event: 1.438 GC heap after
Heap after GC invocations=4 (full 1):
 PSYoungGen      total 131584K, used 128K [0x000000076b400000, 0x0000000776180000, 0x00000007c0000000)
  eden space 120832K, 0% used [0x000000076b400000,0x000000076b400000,0x0000000772a00000)
  from space 10752K, 1% used [0x0000000772a00000,0x0000000772a20000,0x0000000773480000)
  to   space 10752K, 0% used [0x0000000775700000,0x0000000775700000,0x0000000776180000)
 ParOldGen       total 292352K, used 52864K [0x00000006c1c00000, 0x00000006d3980000, 0x000000076b400000)
  object space 292352K, 18% used [0x00000006c1c00000,0x00000006c4fa0330,0x00000006d3980000)
 Metaspace       used 7049K, capacity 7215K, committed 7424K, reserved 1056768K
  class space    used 702K, capacity 759K, committed 768K, reserved 1048576K
}
Event: 1.711 GC heap before
{Heap before GC invocations=5 (full 1):
 PSYoungGen      total 131584K, used 120960K [0x000000076b400000, 0x0000000776180000, 0x00000007c0000000)
  eden space 120832K, 100% used [0x000000076b400000,0x0000000772a00000,0x0000000772a00000)
  from space 10752K, 1% used [0x0000000772a00000,0x0000000772a20000,0x0000000773480000)
  to   space 10752K, 0% used [0x0000000775700000,0x0000000775700000,0x0000000776180000)
 ParOldGen       total 292352K, used 52864K [0x00000006c1c00000, 0x00000006d3980000, 0x000000076b400000)
  object space 292352K, 18% used [0x00000006c1c00000,0x00000006c4fa0330,0x00000006d3980000)
 Metaspace       used 7049K, capacity 7215K, committed 7424K, reserved 1056768K
  class space    used 702K, capacity 759K, committed 768K, reserved 1048576K
Event: 1.711 GC heap after
Heap after GC invocations=5 (full 1):
 PSYoungGen      total 166912K, used 96K [0x000000076b400000, 0x0000000777280000, 0x00000007c0000000)
  eden space 156160K, 0% used [0x000000076b400000,0x000000076b400000,0x0000000774c80000)
  from space 10752K, 0% used [0x0000000775700000,0x0000000775718000,0x0000000776180000)
  to   space 10752K, 0% used [0x0000000774c80000,0x0000000774c80000,0x0000000775700000)
 ParOldGen       total 292352K, used 52864K [0x00000006c1c00000, 0x00000006d3980000, 0x000000076b400000)
  object space 292352K, 18% used [0x00000006c1c00000,0x00000006c4fa0330,0x00000006d3980000)
 Metaspace       used 7049K, capacity 7215K, committed 7424K, reserved 1056768K
  class space    used 702K, capacity 759K, committed 768K, reserved 1048576K
}
Event: 2.075 GC heap before
{Heap before GC invocations=6 (full 1):
 PSYoungGen      total 166912K, used 156256K [0x000000076b400000, 0x0000000777280000, 0x00000007c0000000)
  eden space 156160K, 100% used [0x000000076b400000,0x0000000774c80000,0x0000000774c80000)
  from space 10752K, 0% used [0x0000000775700000,0x0000000775718000,0x0000000776180000)
  to   space 10752K, 0% used [0x0000000774c80000,0x0000000774c80000,0x0000000775700000)
 ParOldGen       total 292352K, used 52864K [0x00000006c1c00000, 0x00000006d3980000, 0x000000076b400000)
  object space 292352K, 18% used [0x00000006c1c00000,0x00000006c4fa0330,0x00000006d3980000)
 Metaspace       used 7049K, capacity 7215K, committed 7424K, reserved 1056768K
  class space    used 702K, capacity 759K, committed 768K, reserved 1048576K
Event: 2.076 GC heap after
Heap after GC invocations=6 (full 1):
 PSYoungGen      total 166912K, used 128K [0x000000076b400000, 0x0000000778980000, 0x00000007c0000000)
  eden space 156160K, 0% used [0x000000076b400000,0x000000076b400000,0x0000000774c80000)
  from space 10752K, 1% used [0x0000000774c80000,0x0000000774ca0000,0x0000000775700000)
  to   space 2048K, 0% used [0x0000000778780000,0x0000000778780000,0x0000000778980000)
 ParOldGen       total 292352K, used 52864K [0x00000006c1c00000, 0x00000006d3980000, 0x000000076b400000)
  object space 292352K, 18% used [0x00000006c1c00000,0x00000006c4fa0330,0x00000006d3980000)
 Metaspace       used 7049K, capacity 7215K, committed 7424K, reserved 1056768K
  class space    used 702K, capacity 759K, committed 768K, reserved 1048576K
}

